Solid Edge Translation to STEP
Date: Saturday,September 02,2023 11:57AM
Output File: N:\Projects\230626 Eagle Part Stacker\GetHub\CAD\Main.stp
Author: Unknown
Organization: Unknown
Source System: Solid Edge

Hardware:
Processor: AMD Ryzen 5 3600 6-Core Processor              
Operating System: Windows 10 Version:22H2 Build:19045 System Type:64-bit
Installed Memory: 15.92 GB

Software Information
Parasolid Version: 35.0.149
PSBodyShop Version: 35.0.82
Step Adapter Version: 11.0.82
Solid Edge Version: 223.00.00.101 x64

STEP Export Options
Export Format: AP214
Export Construction Sheets: Off
Export Construction Solids: Off
Export Construction Wires: Off
Export Displayed Parts Only: Off
Export Units: Millimeters
Export Part Component Names As Unicode: Off
Export PMI: Off

Phase 1 of 1 Translating Parasolid to foreign data types...
Translation process completed
Time required to translate:00 : 00 : 13
